<?xml version="1.0" encoding="UTF-8"?>
<!-- Generated by org.testng.reporters.JUnitReportReporter -->
<testsuite hostname="DESKTOP-72GA9NC" failures="0" tests="3" name="ResponseTest" time="1.359" errors="0" timestamp="19 февр. 2021 09:27:17 GMT" skipped="0">
  <testcase classname="ResponseTest" name="linkContainsTest" time="0.062"/>
  <testcase classname="ResponseTest" name="objectListTest" time="0.094"/>
  <testcase classname="ResponseTest" name="sizeOfRecordsTest" time="1.203"/>
</testsuite> <!-- ResponseTest -->
